select 
	count(num_col1) num_col1_count, 
	min(num_col1) num_col1_min, 
	max(num_col1) num_col1_max
	from `ml_dataset.bigdata_for_ev`; -- at [2:1]
+----------------+--------------+--------------+
| num_col1_count | num_col1_min | num_col1_max |
+----------------+--------------+--------------+
|      100003248 |            1 |     99999999 |
+----------------+--------------+--------------+
Error in query string: Error processing job 'pro-
ml-406906:bqjob_r764d16b905bcf28a_0000018c772d3222_1': Syntax error: Expected
end of input but got keyword SELECT at [76:1]
Error in query string: Error processing job 'pro-
ml-406906:bqjob_r350a475a29cab825_0000018c772de978_1': Syntax error: Expected
end of input but got keyword SELECT at [77:1]
select 
	count(*) count, 
	min(str_col3) str_col3_min, 
	max(str_col3) str_col3_max,
	min(str_col4) str_col4_min, 
	max(str_col4) str_col4_max
	from `ml_dataset.bigdata_for_ev`; -- at [2:1]
+-----------+--------------+--------------+--------------+--------------+
|   count   | str_col3_min | str_col3_max | str_col4_min | str_col4_max |
+-----------+--------------+--------------+--------------+--------------+
| 100003248 | 0            | 9            | 0            | 99           |
+-----------+--------------+--------------+--------------+--------------+
select 
	count(*) count, 
	min(str_col3) str_col3_min, 
	max(str_col3) str_col3_max,
	min(str_col4) str_col4_min, 
	max(str_col4) str_col4_max
	from `ml_dataset.bigdata_for_ev_nopart`; -- at [10:1]
+-----------+--------------+--------------+--------------+--------------+
|   count   | str_col3_min | str_col3_max | str_col4_min | str_col4_max |
+-----------+--------------+--------------+--------------+--------------+
| 100003248 | 0            | 9            | 0            | 99           |
+-----------+--------------+--------------+--------------+--------------+
